#
# A fatal error has been detected by the Java Runtime Environment:
#
#  SIGSEGV (0xb) at pc=0x000000012c6c0867, pid=74004, tid=54647
#
# JRE version: Java(TM) SE Runtime Environment (9.0+11) (build 9.0.4+11)
# Java VM: Java HotSpot(TM) 64-Bit Server VM (9.0.4+11, mixed mode, tiered, compressed oops, g1 gc, bsd-amd64)
# Problematic frame:
# C  [libawt_lwawt.dylib+0x1c867]  OGLSD_SetScratchSurface+0x1f
#
# No core dump will be written. Core dumps have been disabled. To enable core dumping, try "ulimit -c unlimited" before starting Java again
#
# If you would like to submit a bug report, please visit:
#   http://bugreport.java.com/bugreport/crash.jsp
# The crash happened outside the Java Virtual Machine in native code.
# See problematic frame for where to report the bug.
#

---------------  S U M M A R Y ------------

Command Line: -javaagent:/Applications/IntelliJ IDEA CE.app/Contents/lib/idea_rt.jar=53203:/Applications/IntelliJ IDEA CE.app/Contents/bin -Dfile.encoding=UTF-8 com.tanuj.Subscriber 128.237.130.67

Host: MacBookPro11,1 x86_64 2600 MHz, 4 cores, 8G, Darwin 17.2.0
Time: Mon Apr  2 19:16:27 2018 EDT elapsed time: 787 seconds (0d 0h 13m 7s)

---------------  T H R E A D  ---------------

Current thread (0x00007f92fe147800):  JavaThread "Java2D Queue Flusher" daemon [_thread_in_native, id=54647, stack(0x00007000036ed000,0x00007000037ed000)]

Stack: [0x00007000036ed000,0x00007000037ed000],  sp=0x00007000037ec810,  free space=1022k
Native frames: (J=compiled Java code, A=aot compiled Java code, j=interpreted, Vv=VM code, C=native code)
C  [libawt_lwawt.dylib+0x1c867]  OGLSD_SetScratchSurface+0x1f
C  [libawt_lwawt.dylib+0x41f83]  Java_sun_java2d_opengl_OGLRenderQueue_flushBuffer+0x643
J 1517  sun.java2d.opengl.OGLRenderQueue.flushBuffer(JI)V java.desktop@9.0.4 (0 bytes) @ 0x000000011c13f56a [0x000000011c13f4c0+0x00000000000000aa]
J 1491 c1 sun.java2d.opengl.OGLRenderQueue.flushBuffer()V java.desktop@9.0.4 (41 bytes) @ 0x0000000114e3c974 [0x0000000114e3c760+0x0000000000000214]
J 1490 c1 sun.java2d.opengl.OGLRenderQueue.access$200(Lsun/java2d/opengl/OGLRenderQueue;)V java.desktop@9.0.4 (5 bytes) @ 0x0000000114e3c394 [0x0000000114e3c340+0x0000000000000054]
j  sun.java2d.opengl.OGLRenderQueue$QueueFlusher.run()V+81 java.desktop@9.0.4
j  java.lang.Thread.run()V+11 java.base@9.0.4
v  ~StubRoutines::call_stub
V  [libjvm.dylib+0x3a33ed]
V  [libjvm.dylib+0x3a2905]
V  [libjvm.dylib+0x3a29d2]
V  [libjvm.dylib+0x4191c8]
V  [libjvm.dylib+0x6f8910]
V  [libjvm.dylib+0x5f02f3]
C  [libsystem_pthread.dylib+0x36c1]  _pthread_body+0x154
C  [libsystem_pthread.dylib+0x356d]  _pthread_body+0x0
C  [libsystem_pthread.dylib+0x2c5d]  thread_start+0xd
C  0x0000000000000000

Java frames: (J=compiled Java code, j=interpreted, Vv=VM code)
J 1517  sun.java2d.opengl.OGLRenderQueue.flushBuffer(JI)V java.desktop@9.0.4 (0 bytes) @ 0x000000011c13f4f8 [0x000000011c13f4c0+0x0000000000000038]
J 1491 c1 sun.java2d.opengl.OGLRenderQueue.flushBuffer()V java.desktop@9.0.4 (41 bytes) @ 0x0000000114e3c974 [0x0000000114e3c760+0x0000000000000214]
J 1490 c1 sun.java2d.opengl.OGLRenderQueue.access$200(Lsun/java2d/opengl/OGLRenderQueue;)V java.desktop@9.0.4 (5 bytes) @ 0x0000000114e3c394 [0x0000000114e3c340+0x0000000000000054]
j  sun.java2d.opengl.OGLRenderQueue$QueueFlusher.run()V+81 java.desktop@9.0.4
j  java.lang.Thread.run()V+11 java.base@9.0.4
v  ~StubRoutines::call_stub

siginfo: si_signo: 11 (SIGSEGV), si_code: 1 (SEGV_MAPERR), si_addr: 0x0000000000000002

Register to memory mapping:

RAX=0x000000012c6e5f5b: Java_sun_java2d_opengl_OGLRenderQueue_flushBuffer+0x61b in /Library/Java/JavaVirtualMachines/jdk-9.0.4.jdk/Contents/Home/lib/libawt_lwawt.dylib at 0x000000012c6a4000
RBX=0x00007f92ff2ba610 is an unknown value
RCX=0x0000000000000047 is an unknown value
RDX=0x00007f92ff2ba600 is an unknown value
RSP=0x00007000037ec810 is pointing into the stack for thread: 0x00007f92fe147800
RBP=0x00007000037ec840 is pointing into the stack for thread: 0x00007f92fe147800
RSI=0x00007f92fd572b50 is an unknown value
RDI=0x00007f92fe147a18 is an unknown value
R8 =0x0000000000000319 is an unknown value
R9 =0x000000010836aea0: _ZN2os16_processor_countE+0 in /Library/Java/JavaVirtualMachines/jdk-9.0.4.jdk/Contents/Home/lib/server/libjvm.dylib at 0x0000000107a26000
R10=0x000000011c13f4f8 is at entry_point+56 in (nmethod*)0x000000011c13f310
R11=0x0000000114e3c340 is at entry_point+0 in (nmethod*)0x0000000114e3c190
R12=0x00007f92ff2ba608 is an unknown value
R13=0x0000000000000002 is an unknown value
R14=0x00007000037eca68 is pointing into the stack for thread: 0x00007f92fe147800
R15=0x00007f92fe147a18 is an unknown value


Registers:
RAX=0x000000012c6e5f5b, RBX=0x00007f92ff2ba610, RCX=0x0000000000000047, RDX=0x00007f92ff2ba600
RSP=0x00007000037ec810, RBP=0x00007000037ec840, RSI=0x00007f92fd572b50, RDI=0x00007f92fe147a18
R8 =0x0000000000000319, R9 =0x000000010836aea0, R10=0x000000011c13f4f8, R11=0x0000000114e3c340
R12=0x00007f92ff2ba608, R13=0x0000000000000002, R14=0x00007000037eca68, R15=0x00007f92fe147a18
RIP=0x000000012c6c0867, EFLAGS=0x0000000000010202, ERR=0x0000000000000004
  TRAPNO=0x000000000000000e

Top of Stack: (sp=0x00007000037ec810)
0x00007000037ec810:   000000012c6e5f5b 00007f92ff2ba610
0x00007000037ec820:   00007f92ff2ba608 00007f92ff2ba620
0x00007000037ec830:   00007000037eca68 00007f92fd572b50
0x00007000037ec840:   00007000037ec8c0 000000012c6e5f83
0x00007000037ec850:   00000000037eca68 00000001752f8300
0x00007000037ec860:   0000000000000000 0000000000000000
0x00007000037ec870:   0000000000000000 0000000000000000
0x00007000037ec880:   00007000037ec890 000000000813df0e
0x00007000037ec890:   00007f92fe147a18 00000001752f8388
0x00007000037ec8a0:   0000000000000000 00007000037ec9e0
0x00007000037ec8b0:   00007000037eca68 00007f92fe147800
0x00007000037ec8c0:   00007000037ec910 000000011c13f56a
0x00007000037ec8d0:   000000074192bd80 000000010813b9ed
0x00007000037ec8e0:   00007f92fe147800 0000000000000064
0x00007000037ec8f0:   00007000037ec960 0000000107e365e4
0x00007000037ec900:   0000000000000000 0000700000000005
0x00007000037ec910:   00007000037eca40 0000000114e3c974
0x00007000037ec920:   00007f92fd669d60 000000010813b900
0x00007000037ec930:   00007f92fe147800 00007f92fe147800
0x00007000037ec940:   000000012a2b4b78 0000000000000000
0x00007000037ec950:   00007000037eca68 00007f92fe147800
0x00007000037ec960:   00007000037ec9b0 000000011c114a68
0x00007000037ec970:   000000074192bd80 000000011c137a66
0x00007000037ec980:   00007000037eca40 0000000114e3c394
0x00007000037ec990:   0000000130b2ed4c 00007000037ec9e0
0x00007000037ec9a0:   0000000130b2edd0 0000000000000000
0x00007000037ec9b0:   00007000037eca40 00000001145fa443
0x00007000037ec9c0:   00007000037eca40 00000001145fa443
0x00007000037ec9d0:   0000000000000064 00000001145fa443
0x00007000037ec9e0:   000000074192bd80 0000000000000001
0x00007000037ec9f0:   00000007400f05d8 00007000037ec9e8
0x00007000037eca00:   000000012c9f08a1 00007000037eca68 

Instructions: (pc=0x000000012c6c0867)
0x000000012c6c0847:   c3 55 48 89 e5 41 57 41 56 41 55 41 54 53 50 49
0x000000012c6c0857:   89 ff 48 85 f6 74 57 4c 8b 6e 10 4d 85 ed 74 57
0x000000012c6c0867:   49 8b 5d 00 31 c0 e8 e8 f1 02 00 49 89 c6 48 8b
0x000000012c6c0877:   3b 48 8b 35 c9 73 06 00 ff 15 9b ac 05 00 48 85 


---------------  P R O C E S S  ---------------

Java Threads: ( => current thread )
  0x00007f92ff2b4000 JavaThread "AWT-EventQueue-0" [_thread_blocked, id=70419, stack(0x00007000038f3000,0x00007000039f3000)]
  0x00007f92ff25e000 JavaThread "Java2D Disposer" daemon [_thread_blocked, id=64271, stack(0x00007000037f0000,0x00007000038f0000)]
=>0x00007f92fe147800 JavaThread "Java2D Queue Flusher" daemon [_thread_in_native, id=54647, stack(0x00007000036ed000,0x00007000037ed000)]
  0x00007f92fda17800 JavaThread "AWT-Shutdown" [_thread_blocked, id=37419, stack(0x0000700003461000,0x0000700003561000)]
  0x00007f92fda1a800 JavaThread "AppKit Thread" daemon [_thread_in_native, id=775, stack(0x00007ffee7a0d000,0x00007ffee820d000)]
  0x00007f92ff05e800 JavaThread "Service Thread" daemon [_thread_blocked, id=25091, stack(0x000070000325b000,0x000070000335b000)]
  0x00007f92fd84b000 JavaThread "Monitor Ctrl-Break" daemon [_thread_in_native, id=24579, stack(0x0000700003158000,0x0000700003258000)]
  0x00007f92fd848000 JavaThread "Common-Cleaner" daemon [_thread_blocked, id=24067, stack(0x0000700003055000,0x0000700003155000)]
  0x00007f92ff052000 JavaThread "Sweeper thread" daemon [_thread_blocked, id=23555, stack(0x0000700002f52000,0x0000700003052000)]
  0x00007f92fe821000 JavaThread "C1 CompilerThread2" daemon [_thread_blocked, id=23043, stack(0x0000700002e4f000,0x0000700002f4f000)]
  0x00007f92fe008000 JavaThread "C2 CompilerThread1" daemon [_thread_blocked, id=22531, stack(0x0000700002d4c000,0x0000700002e4c000)]
  0x00007f92fd83c800 JavaThread "C2 CompilerThread0" daemon [_thread_blocked, id=22019, stack(0x0000700002c49000,0x0000700002d49000)]
  0x00007f92ff03d000 JavaThread "Signal Dispatcher" daemon [_thread_blocked, id=21511, stack(0x0000700002b46000,0x0000700002c46000)]
  0x00007f92fe80c000 JavaThread "Finalizer" daemon [_thread_blocked, id=17923, stack(0x00007000029c0000,0x0000700002ac0000)]
  0x00007f92fe809800 JavaThread "Reference Handler" daemon [_thread_blocked, id=17411, stack(0x00007000028bd000,0x00007000029bd000)]
  0x00007f92ff008000 JavaThread "main" [_thread_in_native, id=6915, stack(0x0000700001b96000,0x0000700001c96000)]

Other Threads:
  0x00007f92fd837000 VMThread "VM Thread" [stack: 0x00007000027ba000,0x00007000028ba000] [id=16899]
  0x00007f92ff06d800 WatcherThread [stack: 0x000070000335e000,0x000070000345e000] [id=25603]
  0x00007f92fe017800 GCTaskThread "GC Thread#0" [stack: 0x0000700001c99000,0x0000700001d99000] [id=10755]
  0x00007f92fe018800 GCTaskThread "GC Thread#1" [stack: 0x0000700001d9c000,0x0000700001e9c000] [id=11267]
  0x00007f92fe019000 GCTaskThread "GC Thread#2" [stack: 0x0000700001e9f000,0x0000700001f9f000] [id=11779]
  0x00007f92fe019800 GCTaskThread "GC Thread#3" [stack: 0x0000700001fa2000,0x00007000020a2000] [id=12291]
  0x00007f92ff035800 ConcurrentGCThread "G1 Main Marker" [stack: 0x00007000025b4000,0x00007000026b4000] [id=15363]
  0x00007f92ff036800 ConcurrentGCThread "G1 Marker#0" [stack: 0x00007000026b7000,0x00007000027b7000] [id=16387]
  0x00007f92fd803800 ConcurrentGCThread "G1 Refine#0" [stack: 0x00007000023ae000,0x00007000024ae000] [id=14339]
  0x00007f92fd802800 ConcurrentGCThread "G1 Refine#1" [stack: 0x00007000022ab000,0x00007000023ab000] [id=13827]
  0x00007f92fd802000 ConcurrentGCThread "G1 Refine#2" [stack: 0x00007000021a8000,0x00007000022a8000] [id=13315]
  0x00007f92fd801000 ConcurrentGCThread "G1 Refine#3" [stack: 0x00007000020a5000,0x00007000021a5000] [id=12803]
  0x00007f92ff011000 ConcurrentGCThread "G1 Young RemSet Sampling" [stack: 0x00007000024b1000,0x00007000025b1000] [id=14851]

Threads with active compile tasks:

VM state:not at safepoint (normal execution)

VM Mutex/Monitor currently owned by a thread: None

Heap address: 0x0000000740000000, size: 2048 MB, Compressed Oops mode: Zero based, Oop shift amount: 3
Narrow klass base: 0x0000000000000000, Narrow klass shift: 3
Compressed class space size: 1073741824 Address: 0x00000007c0000000

Heap:
 garbage-first heap   total 131072K, used 33495K [0x0000000740000000, 0x0000000740100400, 0x00000007c0000000)
  region size 1024K, 2 young (2048K), 1 survivors (1024K)
 Metaspace       used 15963K, capacity 16886K, committed 17024K, reserved 1064960K
  class space    used 1635K, capacity 1837K, committed 1920K, reserved 1048576K
Heap Regions: E=young(eden), S=young(survivor), O=old, HS=humongous(starts), HC=humongous(continues), CS=collection set, F=free, A=archive, TS=gc time stamp, AC=allocation context, TAMS=top-at-mark-start (previous, next)
|   0|0x0000000740000000, 0x0000000740100000, 0x0000000740100000|100%| O|  |TS  0|AC  0|TAMS 0x0000000740100000, 0x0000000740100000|
|   1|0x0000000740100000, 0x0000000740200000, 0x0000000740200000|100%|HS|  |TS  0|AC  0|TAMS 0x0000000740100000, 0x0000000740100000|
|   2|0x0000000740200000, 0x0000000740300000, 0x0000000740300000|100%|HC|  |TS  0|AC  0|TAMS 0x0000000740200000, 0x0000000740200000|
|   3|0x0000000740300000, 0x0000000740400000, 0x0000000740400000|100%|HC|  |TS  0|AC  0|TAMS 0x0000000740300000, 0x0000000740300000|
|   4|0x0000000740400000, 0x0000000740500000, 0x0000000740500000|100%|HC|  |TS  0|AC  0|TAMS 0x0000000740400000, 0x0000000740400000|
|   5|0x0000000740500000, 0x0000000740600000, 0x0000000740600000|100%|HS|  |TS  0|AC  0|TAMS 0x0000000740500000, 0x0000000740500000|
|   6|0x0000000740600000, 0x0000000740700000, 0x0000000740700000|100%|HC|  |TS  0|AC  0|TAMS 0x0000000740600000, 0x0000000740600000|
|   7|0x0000000740700000, 0x0000000740800000, 0x0000000740800000|100%|HC|  |TS  0|AC  0|TAMS 0x0000000740700000, 0x0000000740700000|
|   8|0x0000000740800000, 0x0000000740900000, 0x0000000740900000|100%|HC|  |TS  0|AC  0|TAMS 0x0000000740800000, 0x0000000740800000|
|   9|0x0000000740900000, 0x0000000740a00000, 0x0000000740a00000|100%|HS|  |TS  0|AC  0|TAMS 0x0000000740900000, 0x0000000740900000|
|  10|0x0000000740a00000, 0x0000000740b00000, 0x0000000740b00000|100%|HC|  |TS  0|AC  0|TAMS 0x0000000740a00000, 0x0000000740a00000|
|  11|0x0000000740b00000, 0x0000000740c00000, 0x0000000740c00000|100%|HC|  |TS  0|AC  0|TAMS 0x0000000740b00000, 0x0000000740b00000|
|  12|0x0000000740c00000, 0x0000000740d00000, 0x0000000740d00000|100%|HC|  |TS  0|AC  0|TAMS 0x0000000740c00000, 0x0000000740c00000|
|  13|0x0000000740d00000, 0x0000000740e00000, 0x0000000740e00000|100%|HS|  |TS  0|AC  0|TAMS 0x0000000740d00000, 0x0000000740d00000|
|  14|0x0000000740e00000, 0x0000000740f00000, 0x0000000740f00000|100%|HC|  |TS  0|AC  0|TAMS 0x0000000740e00000, 0x0000000740e00000|
|  15|0x0000000740f00000, 0x0000000741000000, 0x0000000741000000|100%|HC|  |TS  0|AC  0|TAMS 0x0000000740f00000, 0x0000000740f00000|
|  16|0x0000000741000000, 0x0000000741100000, 0x0000000741100000|100%|HC|  |TS  0|AC  0|TAMS 0x0000000741000000, 0x0000000741000000|
|  17|0x0000000741100000, 0x0000000741200000, 0x0000000741200000|100%|HS|  |TS  0|AC  0|TAMS 0x0000000741100000, 0x0000000741100000|
|  18|0x0000000741200000, 0x0000000741300000, 0x0000000741300000|100%|HC|  |TS  0|AC  0|TAMS 0x0000000741200000, 0x0000000741200000|
|  19|0x0000000741300000, 0x0000000741400000, 0x0000000741400000|100%|HC|  |TS  0|AC  0|TAMS 0x0000000741300000, 0x0000000741300000|
|  20|0x0000000741400000, 0x0000000741400000, 0x0000000741500000|  0%| F|  |TS  0|AC  0|TAMS 0x0000000741400000, 0x0000000741400000|
|  21|0x0000000741500000, 0x0000000741500000, 0x0000000741600000|  0%| F|  |TS  0|AC  0|TAMS 0x0000000741500000, 0x0000000741500000|
|  22|0x0000000741600000, 0x0000000741600000, 0x0000000741700000|  0%| F|  |TS  0|AC  0|TAMS 0x0000000741600000, 0x0000000741600000|
|  23|0x0000000741700000, 0x0000000741700000, 0x0000000741800000|  0%| F|  |TS  0|AC  0|TAMS 0x0000000741700000, 0x0000000741700000|
|  24|0x0000000741800000, 0x00000007418b0600, 0x0000000741900000| 68%| O|  |TS  0|AC  0|TAMS 0x00000007418b0600, 0x00000007418b0600|
|  25|0x0000000741900000, 0x0000000741a00000, 0x0000000741a00000|100%| O|  |TS  0|AC  0|TAMS 0x0000000741a00000, 0x0000000741a00000|
|  26|0x0000000741a00000, 0x0000000741b00000, 0x0000000741b00000|100%|HS|  |TS  0|AC  0|TAMS 0x0000000741b00000, 0x0000000741b00000|
|  27|0x0000000741b00000, 0x0000000741c00000, 0x0000000741c00000|100%|HC|  |TS  0|AC  0|TAMS 0x0000000741c00000, 0x0000000741c00000|
|  28|0x0000000741c00000, 0x0000000741d00000, 0x0000000741d00000|100%|HC|  |TS  0|AC  0|TAMS 0x0000000741d00000, 0x0000000741d00000|
|  29|0x0000000741d00000, 0x0000000741d00000, 0x0000000741e00000|  0%| F|  |TS  0|AC  0|TAMS 0x0000000741d00000, 0x0000000741d00000|
|  30|0x0000000741e00000, 0x0000000741e00000, 0x0000000741f00000|  0%| F|  |TS  0|AC  0|TAMS 0x0000000741e00000, 0x0000000741e00000|
|  31|0x0000000741f00000, 0x0000000741f00000, 0x0000000742000000|  0%| F|  |TS  0|AC  0|TAMS 0x0000000741f00000, 0x0000000741f00000|
|  32|0x0000000742000000, 0x0000000742000000, 0x0000000742100000|  0%| F|  |TS  0|AC  0|TAMS 0x0000000742000000, 0x0000000742000000|
|  33|0x0000000742100000, 0x0000000742100000, 0x0000000742200000|  0%| F|  |TS  0|AC  0|TAMS 0x0000000742100000, 0x0000000742100000|
|  34|0x0000000742200000, 0x0000000742200000, 0x0000000742300000|  0%| F|  |TS  0|AC  0|TAMS 0x0000000742200000, 0x0000000742200000|
|  35|0x0000000742300000, 0x0000000742300000, 0x0000000742400000|  0%| F|  |TS  0|AC  0|TAMS 0x0000000742300000, 0x0000000742300000|
|  36|0x0000000742400000, 0x0000000742400000, 0x0000000742500000|  0%| F|  |TS  0|AC  0|TAMS 0x0000000742400000, 0x0000000742400000|
|  37|0x0000000742500000, 0x0000000742500000, 0x0000000742600000|  0%| F|  |TS  0|AC  0|TAMS 0x0000000742500000, 0x0000000742500000|
|  38|0x0000000742600000, 0x0000000742600000, 0x0000000742700000|  0%| F|  |TS  0|AC  0|TAMS 0x0000000742600000, 0x0000000742600000|
|  39|0x0000000742700000, 0x0000000742700000, 0x0000000742800000|  0%| F|  |TS  0|AC  0|TAMS 0x0000000742700000, 0x0000000742700000|
|  40|0x0000000742800000, 0x0000000742800000, 0x0000000742900000|  0%| F|  |TS  0|AC  0|TAMS 0x0000000742800000, 0x0000000742800000|
|  41|0x0000000742900000, 0x0000000742900000, 0x0000000742a00000|  0%| F|  |TS  0|AC  0|TAMS 0x0000000742900000, 0x0000000742900000|
|  42|0x0000000742a00000, 0x0000000742a00000, 0x0000000742b00000|  0%| F|  |TS  0|AC  0|TAMS 0x0000000742a00000, 0x0000000742a00000|
|  43|0x0000000742b00000, 0x0000000742b00000, 0x0000000742c00000|  0%| F|  |TS  0|AC  0|TAMS 0x0000000742b00000, 0x0000000742b00000|
|  44|0x0000000742c00000, 0x0000000742c00000, 0x0000000742d00000|  0%| F|  |TS  0|AC  0|TAMS 0x0000000742c00000, 0x0000000742c00000|
|  45|0x0000000742d00000, 0x0000000742d00000, 0x0000000742e00000|  0%| F|  |TS  0|AC  0|TAMS 0x0000000742d00000, 0x0000000742d00000|
|  46|0x0000000742e00000, 0x0000000742e00000, 0x0000000742f00000|  0%| F|  |TS  0|AC  0|TAMS 0x0000000742e00000, 0x0000000742e00000|
|  47|0x0000000742f00000, 0x0000000742f00000, 0x0000000743000000|  0%| F|  |TS  0|AC  0|TAMS 0x0000000742f00000, 0x0000000742f00000|
|  48|0x0000000743000000, 0x0000000743000000, 0x0000000743100000|  0%| F|  |TS  0|AC  0|TAMS 0x0000000743000000, 0x0000000743000000|
|  49|0x0000000743100000, 0x0000000743200000, 0x0000000743200000|100%|HS|  |TS  0|AC  0|TAMS 0x0000000743200000, 0x0000000743200000|
|  50|0x0000000743200000, 0x0000000743300000, 0x0000000743300000|100%|HC|  |TS  0|AC  0|TAMS 0x0000000743300000, 0x0000000743300000|
|  51|0x0000000743300000, 0x0000000743400000, 0x0000000743400000|100%|HC|  |TS  0|AC  0|TAMS 0x0000000743400000, 0x0000000743400000|
|  52|0x0000000743400000, 0x0000000743500000, 0x0000000743500000|100%|HS|  |TS  0|AC  0|TAMS 0x0000000743500000, 0x0000000743500000|
|  53|0x0000000743500000, 0x0000000743600000, 0x0000000743600000|100%|HC|  |TS  0|AC  0|TAMS 0x0000000743600000, 0x0000000743600000|
|  54|0x0000000743600000, 0x0000000743700000, 0x0000000743700000|100%|HC|  |TS  0|AC  0|TAMS 0x0000000743700000, 0x0000000743700000|
|  55|0x0000000743700000, 0x0000000743800000, 0x0000000743800000|100%|HC|  |TS  0|AC  0|TAMS 0x0000000743800000, 0x0000000743800000|
|  56|0x0000000743800000, 0x0000000743800000, 0x0000000743900000|  0%| F|  |TS  0|AC  0|TAMS 0x0000000743800000, 0x0000000743800000|
|  57|0x0000000743900000, 0x0000000743a00000, 0x0000000743a00000|100%| O|  |TS  0|AC  0|TAMS 0x0000000743a00000, 0x0000000743a00000|
|  58|0x0000000743a00000, 0x0000000743a00000, 0x0000000743b00000|  0%| F|  |TS  0|AC  0|TAMS 0x0000000743a00000, 0x0000000743a00000|
|  59|0x0000000743b00000, 0x0000000743b00000, 0x0000000743c00000|  0%| F|  |TS  0|AC  0|TAMS 0x0000000743b00000, 0x0000000743b00000|
|  60|0x0000000743c00000, 0x0000000743c00000, 0x0000000743d00000|  0%| F|  |TS  0|AC  0|TAMS 0x0000000743c00000, 0x0000000743c00000|
|  61|0x0000000743d00000, 0x0000000743d00000, 0x0000000743e00000|  0%| F|  |TS  0|AC  0|TAMS 0x0000000743d00000, 0x0000000743d00000|
|  62|0x0000000743e00000, 0x0000000743e00000, 0x0000000743f00000|  0%| F|  |TS  0|AC  0|TAMS 0x0000000743e00000, 0x0000000743e00000|
|  63|0x0000000743f00000, 0x0000000743f00000, 0x0000000744000000|  0%| F|  |TS  0|AC  0|TAMS 0x0000000743f00000, 0x0000000743f00000|
|  64|0x0000000744000000, 0x0000000744000000, 0x0000000744100000|  0%| F|  |TS  0|AC  0|TAMS 0x0000000744000000, 0x0000000744000000|
|  65|0x0000000744100000, 0x0000000744100000, 0x0000000744200000|  0%| F|  |TS  0|AC  0|TAMS 0x0000000744100000, 0x0000000744100000|
|  66|0x0000000744200000, 0x0000000744200000, 0x0000000744300000|  0%| F|  |TS  0|AC  0|TAMS 0x0000000744200000, 0x0000000744200000|
|  67|0x0000000744300000, 0x0000000744300000, 0x0000000744400000|  0%| F|  |TS  0|AC  0|TAMS 0x0000000744300000, 0x0000000744300000|
|  68|0x0000000744400000, 0x0000000744400000, 0x0000000744500000|  0%| F|  |TS  0|AC  0|TAMS 0x0000000744400000, 0x0000000744400000|
|  69|0x0000000744500000, 0x0000000744500000, 0x0000000744600000|  0%| F|  |TS  0|AC  0|TAMS 0x0000000744500000, 0x0000000744500000|
|  70|0x0000000744600000, 0x0000000744600000, 0x0000000744700000|  0%| F|  |TS  0|AC  0|TAMS 0x0000000744600000, 0x0000000744600000|
|  71|0x0000000744700000, 0x0000000744700000, 0x0000000744800000|  0%| F|  |TS  0|AC  0|TAMS 0x0000000744700000, 0x0000000744700000|
|  72|0x0000000744800000, 0x0000000744800000, 0x0000000744900000|  0%| F|  |TS  0|AC  0|TAMS 0x0000000744800000, 0x0000000744800000|
|  73|0x0000000744900000, 0x0000000744900000, 0x0000000744a00000|  0%| F|  |TS  0|AC  0|TAMS 0x0000000744900000, 0x0000000744900000|
|  74|0x0000000744a00000, 0x0000000744a00000, 0x0000000744b00000|  0%| F|  |TS  0|AC  0|TAMS 0x0000000744a00000, 0x0000000744a00000|
|  75|0x0000000744b00000, 0x0000000744b00000, 0x0000000744c00000|  0%| F|  |TS  0|AC  0|TAMS 0x0000000744b00000, 0x0000000744b00000|
|  76|0x0000000744c00000, 0x0000000744c00000, 0x0000000744d00000|  0%| F|  |TS  0|AC  0|TAMS 0x0000000744c00000, 0x0000000744c00000|
|  77|0x0000000744d00000, 0x0000000744d00000, 0x0000000744e00000|  0%| F|  |TS  0|AC  0|TAMS 0x0000000744d00000, 0x0000000744d00000|
|  78|0x0000000744e00000, 0x0000000744e00000, 0x0000000744f00000|  0%| F|  |TS  0|AC  0|TAMS 0x0000000744e00000, 0x0000000744e00000|
|  79|0x0000000744f00000, 0x0000000744f00000, 0x0000000745000000|  0%| F|  |TS  0|AC  0|TAMS 0x0000000744f00000, 0x0000000744f00000|
|  80|0x0000000745000000, 0x0000000745000000, 0x0000000745100000|  0%| F|  |TS  0|AC  0|TAMS 0x0000000745000000, 0x0000000745000000|
|  81|0x0000000745100000, 0x0000000745100000, 0x0000000745200000|  0%| F|  |TS  0|AC  0|TAMS 0x0000000745100000, 0x0000000745100000|
|  82|0x0000000745200000, 0x0000000745200000, 0x0000000745300000|  0%| F|  |TS  0|AC  0|TAMS 0x0000000745200000, 0x0000000745200000|
|  83|0x0000000745300000, 0x0000000745300000, 0x0000000745400000|  0%| F|  |TS  0|AC  0|TAMS 0x0000000745300000, 0x0000000745300000|
|  84|0x0000000745400000, 0x0000000745400000, 0x0000000745500000|  0%| F|  |TS  0|AC  0|TAMS 0x0000000745400000, 0x0000000745400000|
|  85|0x0000000745500000, 0x0000000745500000, 0x0000000745600000|  0%| F|  |TS  0|AC  0|TAMS 0x0000000745500000, 0x0000000745500000|
|  86|0x0000000745600000, 0x0000000745600000, 0x0000000745700000|  0%| F|  |TS  0|AC  0|TAMS 0x0000000745600000, 0x0000000745600000|
|  87|0x0000000745700000, 0x0000000745700000, 0x0000000745800000|  0%| F|  |TS  0|AC  0|TAMS 0x0000000745700000, 0x0000000745700000|
|  88|0x0000000745800000, 0x0000000745800000, 0x0000000745900000|  0%| F|  |TS  0|AC  0|TAMS 0x0000000745800000, 0x0000000745800000|
|  89|0x0000000745900000, 0x0000000745900000, 0x0000000745a00000|  0%| F|  |TS  0|AC  0|TAMS 0x0000000745900000, 0x0000000745900000|
|  90|0x0000000745a00000, 0x0000000745a00000, 0x0000000745b00000|  0%| F|  |TS  0|AC  0|TAMS 0x0000000745a00000, 0x0000000745a00000|
|  91|0x0000000745b00000, 0x0000000745b00000, 0x0000000745c00000|  0%| F|  |TS  0|AC  0|TAMS 0x0000000745b00000, 0x0000000745b00000|
|  92|0x0000000745c00000, 0x0000000745c00000, 0x0000000745d00000|  0%| F|  |TS  0|AC  0|TAMS 0x0000000745c00000, 0x0000000745c00000|
|  93|0x0000000745d00000, 0x0000000745d00000, 0x0000000745e00000|  0%| F|  |TS  0|AC  0|TAMS 0x0000000745d00000, 0x0000000745d00000|
|  94|0x0000000745e00000, 0x0000000745e00000, 0x0000000745f00000|  0%| F|  |TS  0|AC  0|TAMS 0x0000000745e00000, 0x0000000745e00000|
|  95|0x0000000745f00000, 0x0000000745f00000, 0x0000000746000000|  0%| F|  |TS  0|AC  0|TAMS 0x0000000745f00000, 0x0000000745f00000|
|  96|0x0000000746000000, 0x0000000746000000, 0x0000000746100000|  0%| F|  |TS  0|AC  0|TAMS 0x0000000746000000, 0x0000000746000000|
|  97|0x0000000746100000, 0x0000000746100000, 0x0000000746200000|  0%| F|  |TS  0|AC  0|TAMS 0x0000000746100000, 0x0000000746100000|
|  98|0x0000000746200000, 0x0000000746200000, 0x0000000746300000|  0%| F|  |TS  0|AC  0|TAMS 0x0000000746200000, 0x0000000746200000|
|  99|0x0000000746300000, 0x0000000746300000, 0x0000000746400000|  0%| F|  |TS  0|AC  0|TAMS 0x0000000746300000, 0x0000000746300000|
| 100|0x0000000746400000, 0x0000000746400000, 0x0000000746500000|  0%| F|  |TS  0|AC  0|TAMS 0x0000000746400000, 0x0000000746400000|
| 101|0x0000000746500000, 0x0000000746500000, 0x0000000746600000|  0%| F|  |TS  0|AC  0|TAMS 0x0000000746500000, 0x0000000746500000|
| 102|0x0000000746600000, 0x0000000746600000, 0x0000000746700000|  0%| F|  |TS  0|AC  0|TAMS 0x0000000746600000, 0x0000000746600000|
| 103|0x0000000746700000, 0x0000000746700000, 0x0000000746800000|  0%| F|  |TS  0|AC  0|TAMS 0x0000000746700000, 0x0000000746700000|
| 104|0x0000000746800000, 0x0000000746800000, 0x0000000746900000|  0%| F|  |TS  0|AC  0|TAMS 0x0000000746800000, 0x0000000746800000|
| 105|0x0000000746900000, 0x0000000746900000, 0x0000000746a00000|  0%| F|  |TS  0|AC  0|TAMS 0x0000000746900000, 0x0000000746900000|
| 106|0x0000000746a00000, 0x0000000746a00000, 0x0000000746b00000|  0%| F|  |TS  0|AC  0|TAMS 0x0000000746a00000, 0x0000000746a00000|
| 107|0x0000000746b00000, 0x0000000746b00000, 0x0000000746c00000|  0%| F|  |TS  0|AC  0|TAMS 0x0000000746b00000, 0x0000000746b00000|
| 108|0x0000000746c00000, 0x0000000746c00000, 0x0000000746d00000|  0%| F|  |TS  0|AC  0|TAMS 0x0000000746c00000, 0x0000000746c00000|
| 109|0x0000000746d00000, 0x0000000746d00000, 0x0000000746e00000|  0%| F|  |TS  0|AC  0|TAMS 0x0000000746d00000, 0x0000000746d00000|
| 110|0x0000000746e00000, 0x0000000746e00000, 0x0000000746f00000|  0%| F|  |TS  0|AC  0|TAMS 0x0000000746e00000, 0x0000000746e00000|
| 111|0x0000000746f00000, 0x0000000746f00000, 0x0000000747000000|  0%| F|  |TS  0|AC  0|TAMS 0x0000000746f00000, 0x0000000746f00000|
| 112|0x0000000747000000, 0x0000000747000000, 0x0000000747100000|  0%| F|  |TS  0|AC  0|TAMS 0x0000000747000000, 0x0000000747000000|
| 113|0x0000000747100000, 0x0000000747100000, 0x0000000747200000|  0%| F|  |TS  0|AC  0|TAMS 0x0000000747100000, 0x0000000747100000|
| 114|0x0000000747200000, 0x0000000747200000, 0x0000000747300000|  0%| F|  |TS  0|AC  0|TAMS 0x0000000747200000, 0x0000000747200000|
| 115|0x0000000747300000, 0x0000000747300000, 0x0000000747400000|  0%| F|  |TS  0|AC  0|TAMS 0x0000000747300000, 0x0000000747300000|
| 116|0x0000000747400000, 0x0000000747400000, 0x0000000747500000|  0%| F|  |TS  0|AC  0|TAMS 0x0000000747400000, 0x0000000747400000|
| 117|0x0000000747500000, 0x0000000747500000, 0x0000000747600000|  0%| F|  |TS  0|AC  0|TAMS 0x0000000747500000, 0x0000000747500000|
| 118|0x0000000747600000, 0x0000000747600000, 0x0000000747700000|  0%| F|  |TS  0|AC  0|TAMS 0x0000000747600000, 0x0000000747600000|
| 119|0x0000000747700000, 0x0000000747700000, 0x0000000747800000|  0%| F|  |TS  0|AC  0|TAMS 0x0000000747700000, 0x0000000747700000|
| 120|0x0000000747800000, 0x0000000747800000, 0x0000000747900000|  0%| F|  |TS  0|AC  0|TAMS 0x0000000747800000, 0x0000000747800000|
| 121|0x0000000747900000, 0x0000000747900000, 0x0000000747a00000|  0%| F|  |TS  0|AC  0|TAMS 0x0000000747900000, 0x0000000747900000|
| 122|0x0000000747a00000, 0x0000000747a00000, 0x0000000747b00000|  0%| F|  |TS  0|AC  0|TAMS 0x0000000747a00000, 0x0000000747a00000|
| 123|0x0000000747b00000, 0x0000000747b00000, 0x0000000747c00000|  0%| F|  |TS  0|AC  0|TAMS 0x0000000747b00000, 0x0000000747b00000|
| 124|0x0000000747c00000, 0x0000000747c058c0, 0x0000000747d00000|  2%| S|CS|TS  0|AC  0|TAMS 0x0000000747c00000, 0x0000000747c00000|
| 125|0x0000000747d00000, 0x0000000747d00000, 0x0000000747e00000|  0%| F|  |TS  0|AC  0|TAMS 0x0000000747d00000, 0x0000000747d00000|
| 126|0x0000000747e00000, 0x0000000747e00000, 0x0000000747f00000|  0%| F|  |TS  0|AC  0|TAMS 0x0000000747e00000, 0x0000000747e00000|
| 127|0x0000000747f00000, 0x0000000748000000, 0x0000000748000000|100%| E|  |TS  0|AC  0|TAMS 0x0000000747f00000, 0x0000000747f00000|

Card table byte_map: [0x00000001235ef000,0x00000001239ef000] byte_map_base: 0x000000011fbef000

Marking Bits (Prev, Next): (CMBitMap*) 0x00007f92ff034e70, (CMBitMap*) 0x00007f92ff034ea8
 Prev Bits: [0x0000000123def000, 0x0000000125def000)
 Next Bits: [0x0000000125def000, 0x0000000127def000)

Polling page: 0x000000010870b000

CodeHeap 'non-profiled nmethods': size=120032Kb used=659Kb max_used=672Kb free=119372Kb
 bounds [0x000000011c0b7000, 0x000000011c327000, 0x00000001235ef000]
CodeHeap 'profiled nmethods': size=120032Kb used=3428Kb max_used=3700Kb free=116603Kb
 bounds [0x0000000114b7f000, 0x0000000114f1f000, 0x000000011c0b7000]
CodeHeap 'non-nmethods': size=5696Kb used=1353Kb max_used=1386Kb free=4342Kb
 bounds [0x00000001145ef000, 0x000000011485f000, 0x0000000114b7f000]
 total_blobs=2792 nmethods=1757 adapters=514
 compilation: enabled

Compilation events (10 events):
Event: 730.684 Thread 0x00007f92fe008000 1884       4       sun.util.logging.PlatformLogger::isLoggable (23 bytes)
Event: 730.687 Thread 0x00007f92fe821000 1885       3       sun.java2d.opengl.CGLLayer::isOpaque (16 bytes)
Event: 730.687 Thread 0x00007f92fe821000 nmethod 1885 0x0000000114b8d790 code [0x0000000114b8d940, 0x0000000114b8dba8]
Event: 730.690 Thread 0x00007f92fe008000 nmethod 1884 0x000000011c108f10 code [0x000000011c1090e0, 0x000000011c109298]
Event: 736.946 Thread 0x00007f92fe821000 1886       3       java.lang.Integer::equals (29 bytes)
Event: 736.950 Thread 0x00007f92fe821000 nmethod 1886 0x0000000114b9a210 code [0x0000000114b9a3e0, 0x0000000114b9a850]
Event: 742.263 Thread 0x00007f92fe821000 1887       1       java.util.concurrent.atomic.AtomicInteger::set (6 bytes)
Event: 742.263 Thread 0x00007f92fe821000 nmethod 1887 0x000000011c0bfc10 code [0x000000011c0bfdc0, 0x000000011c0bfed0]
Event: 748.501 Thread 0x00007f92fe821000 1888   !   3       sun.awt.PostEventQueue::flush (168 bytes)
Event: 748.519 Thread 0x00007f92fe821000 nmethod 1888 0x0000000114bda590 code [0x0000000114bda840, 0x0000000114bdba48]

GC Heap History (10 events):
Event: 490.367 GC heap before
{Heap before GC invocations=147 (full 0):
 garbage-first heap   total 131072K, used 59083K [0x0000000740000000, 0x0000000740100400, 0x00000007c0000000)
  region size 1024K, 3 young (3072K), 1 survivors (1024K)
 Metaspace       used 15827K, capacity 16756K, committed 17024K, reserved 1064960K
  class space    used 1610K, capacity 1836K, committed 1920K, reserved 1048576K
}
Event: 490.368 GC heap after
{Heap after GC invocations=148 (full 0):
 garbage-first heap   total 131072K, used 22217K [0x0000000740000000, 0x0000000740100400, 0x00000007c0000000)
  region size 1024K, 1 young (1024K), 1 survivors (1024K)
 Metaspace       used 15827K, capacity 16756K, committed 17024K, reserved 1064960K
  class space    used 1610K, capacity 1836K, committed 1920K, reserved 1048576K
}
Event: 491.245 GC heap before
{Heap before GC invocations=149 (full 0):
 garbage-first heap   total 131072K, used 58057K [0x0000000740000000, 0x0000000740100400, 0x00000007c0000000)
  region size 1024K, 2 young (2048K), 1 survivors (1024K)
 Metaspace       used 15828K, capacity 16756K, committed 17024K, reserved 1064960K
  class space    used 1610K, capacity 1836K, committed 1920K, reserved 1048576K
}
Event: 491.245 GC heap after
{Heap after GC invocations=150 (full 0):
 garbage-first heap   total 131072K, used 26314K [0x0000000740000000, 0x0000000740100400, 0x00000007c0000000)
  region size 1024K, 1 young (1024K), 1 survivors (1024K)
 Metaspace       used 15828K, capacity 16756K, committed 17024K, reserved 1064960K
  class space    used 1610K, capacity 1836K, committed 1920K, reserved 1048576K
}
Event: 670.085 GC heap before
{Heap before GC invocations=151 (full 0):
 garbage-first heap   total 131072K, used 59082K [0x0000000740000000, 0x0000000740100400, 0x00000007c0000000)
  region size 1024K, 3 young (3072K), 1 survivors (1024K)
 Metaspace       used 15961K, capacity 16886K, committed 17024K, reserved 1064960K
  class space    used 1635K, capacity 1837K, committed 1920K, reserved 1048576K
}
Event: 670.102 GC heap after
{Heap after GC invocations=152 (full 0):
 garbage-first heap   total 131072K, used 26322K [0x0000000740000000, 0x0000000740100400, 0x00000007c0000000)
  region size 1024K, 1 young (1024K), 1 survivors (1024K)
 Metaspace       used 15961K, capacity 16886K, committed 17024K, reserved 1064960K
  class space    used 1635K, capacity 1837K, committed 1920K, reserved 1048576K
}
Event: 672.085 GC heap before
{Heap before GC invocations=153 (full 0):
 garbage-first heap   total 131072K, used 58066K [0x0000000740000000, 0x0000000740100400, 0x00000007c0000000)
  region size 1024K, 2 young (2048K), 1 survivors (1024K)
 Metaspace       used 15961K, capacity 16886K, committed 17024K, reserved 1064960K
  class space    used 1635K, capacity 1837K, committed 1920K, reserved 1048576K
}
Event: 672.086 GC heap after
{Heap after GC invocations=154 (full 0):
 garbage-first heap   total 131072K, used 22228K [0x0000000740000000, 0x0000000740100400, 0x00000007c0000000)
  region size 1024K, 1 young (1024K), 1 survivors (1024K)
 Metaspace       used 15961K, capacity 16886K, committed 17024K, reserved 1064960K
  class space    used 1635K, capacity 1837K, committed 1920K, reserved 1048576K
}
Event: 787.005 GC heap before
{Heap before GC invocations=155 (full 0):
 garbage-first heap   total 131072K, used 58068K [0x0000000740000000, 0x0000000740100400, 0x00000007c0000000)
  region size 1024K, 3 young (3072K), 1 survivors (1024K)
 Metaspace       used 15963K, capacity 16886K, committed 17024K, reserved 1064960K
  class space    used 1635K, capacity 1837K, committed 1920K, reserved 1048576K
}
Event: 787.020 GC heap after
{Heap after GC invocations=156 (full 0):
 garbage-first heap   total 131072K, used 14039K [0x0000000740000000, 0x0000000740100400, 0x00000007c0000000)
  region size 1024K, 1 young (1024K), 1 survivors (1024K)
 Metaspace       used 15963K, capacity 16886K, committed 17024K, reserved 1064960K
  class space    used 1635K, capacity 1837K, committed 1920K, reserved 1048576K
}

Deoptimization events (10 events):
Event: 39.821 Thread 0x00007f92ff2b4000 Uncommon trap: reason=unstable_if action=reinterpret pc=0x000000011c11d8f8 method=sun.awt.image.ByteInterleavedRaster.getDataElements(IILjava/lang/Object;)Ljava/lang/Object; @ 43 c2
Event: 39.821 Thread 0x00007f92ff2b4000 Uncommon trap: reason=unstable_if action=reinterpret pc=0x000000011c11e124 method=java.awt.image.ComponentColorModel.getRGB(Ljava/lang/Object;)I @ 4 c2
Event: 39.896 Thread 0x00007f92ff2b4000 Uncommon trap: reason=unstable_if action=reinterpret pc=0x000000011c128420 method=sun.java2d.loops.OpaqueCopyAnyToArgb.Blit(Lsun/java2d/SurfaceData;Lsun/java2d/SurfaceData;Ljava/awt/Composite;Lsun/java2d/pipe/Region;IIIIII)V @ 150 c2
Event: 427.514 Thread 0x00007f92ff2b4000 Uncommon trap: reason=class_check action=maybe_recompile pc=0x000000011c131f4c method=java.util.HashMap.getNode(ILjava/lang/Object;)Ljava/util/HashMap$Node; @ 126 c2
Event: 427.956 Thread 0x00007f92ff2b4000 Uncommon trap: reason=class_check action=maybe_recompile pc=0x000000011c131f4c method=java.util.HashMap.getNode(ILjava/lang/Object;)Ljava/util/HashMap$Node; @ 126 c2
Event: 428.022 Thread 0x00007f92ff2b4000 Uncommon trap: reason=class_check action=maybe_recompile pc=0x000000011c131f4c method=java.util.HashMap.getNode(ILjava/lang/Object;)Ljava/util/HashMap$Node; @ 126 c2
Event: 428.023 Thread 0x00007f92ff2b4000 Uncommon trap: reason=class_check action=maybe_recompile pc=0x000000011c131f4c method=java.util.HashMap.getNode(ILjava/lang/Object;)Ljava/util/HashMap$Node; @ 126 c2
Event: 428.965 Thread 0x00007f92ff2b4000 Uncommon trap: reason=class_check action=maybe_recompile pc=0x000000011c12b0b8 method=java.util.HashMap.getNode(ILjava/lang/Object;)Ljava/util/HashMap$Node; @ 126 c2
Event: 443.814 Thread 0x00007f92ff2b4000 Uncommon trap: reason=unstable_if action=reinterpret pc=0x000000011c12d0e0 method=java.awt.Component.inside(II)Z @ 21 c2
Event: 535.450 Thread 0x00007f92ff2b4000 Uncommon trap: reason=unstable_if action=reinterpret pc=0x000000011c156938 method=java.awt.EventQueue.getPriority(Ljava/awt/AWTEvent;)I @ 22 c2

Classes redefined (0 events):
No events

Internal exceptions (10 events):
Event: 1.647 Thread 0x00007f92ff008000 Exception <a 'java/lang/NoSuchMethodError'{0x0000000747d87b00}: java.lang.invoke.DirectMethodHandle$Holder.invokeStatic(Ljava/lang/Object;Ljava/lang/Object;Ljava/lang/Object;Ljava/lang/Object;Ljava/lang/Object;Ljava/lang/Object;Ljava/lang/Object;Ljava/lan
Event: 1.650 Thread 0x00007f92ff008000 Exception <a 'java/lang/NoSuchMethodError'{0x0000000747da6fd0}: java.lang.invoke.DirectMethodHandle$Holder.invokeStatic(Ljava/lang/Object;Ljava/lang/Object;Ljava/lang/Object;Ljava/lang/Object;Ljava/lang/Object;Ljava/lang/Object;Ljava/lang/Object;Ljava/lan
Event: 1.652 Thread 0x00007f92ff008000 Exception <a 'java/lang/NoSuchMethodError'{0x0000000747dc73d8}: java.lang.invoke.DirectMethodHandle$Holder.invokeStatic(Ljava/lang/Object;Ljava/lang/Object;Ljava/lang/Object;Ljava/lang/Object;Ljava/lang/Object;Ljava/lang/Object;Ljava/lang/Object;Ljava/lan
Event: 1.656 Thread 0x00007f92ff008000 Exception <a 'java/lang/NoSuchMethodError'{0x0000000747de9078}: java.lang.invoke.DirectMethodHandle$Holder.invokeStatic(Ljava/lang/Object;Ljava/lang/Object;Ljava/lang/Object;Ljava/lang/Object;Ljava/lang/Object;Ljava/lang/Object;Ljava/lang/Object;Ljava/lan
Event: 3.843 Thread 0x00007f92ff008000 Exception <a 'java/lang/NoSuchMethodError'{0x0000000747b39658}: java.lang.invoke.DirectMethodHandle$Holder.invokeStatic(Ljava/lang/Object;JJ)V> (0x0000000747b39658) thrown at [/scratch/mesos/slaves/450fa0f5-8733-43f8-b866-79fe3e86d200-S756/frameworks/1735
Event: 3.843 Thread 0x00007f92ff008000 Exception <a 'java/lang/NoSuchMethodError'{0x0000000747b3ea68}: java.lang.invoke.DirectMethodHandle$Holder.invokeStatic(Ljava/lang/Object;J)Ljava/lang/Object;> (0x0000000747b3ea68) thrown at [/scratch/mesos/slaves/450fa0f5-8733-43f8-b866-79fe3e86d200-S756
Event: 3.843 Thread 0x00007f92ff008000 Exception <a 'java/lang/NoSuchMethodError'{0x0000000747b421d8}: method resolution failed> (0x0000000747b421d8) thrown at [/scratch/mesos/slaves/450fa0f5-8733-43f8-b866-79fe3e86d200-S756/frameworks/1735e8a2-a1db-478c-8104-60c8b0af87dd-0196/executors/132405
Event: 37.113 Thread 0x00007f92ff008000 Exception <a 'java/lang/NoSuchMethodError'{0x0000000747abe7d0}: java.lang.Object.lambda$union$2(Ljava/util/regex/Pattern$CharPredicate;I)Z> (0x0000000747abe7d0) thrown at [/scratch/mesos/slaves/450fa0f5-8733-43f8-b866-79fe3e86d200-S756/frameworks/1735e8a2
Event: 37.180 Thread 0x00007f92ff008000 Implicit null exception at 0x000000011c0bfdaf to 0x000000011c0bfe19
Event: 39.821 Thread 0x00007f92ff2b4000 Implicit null exception at 0x000000011c11d6a7 to 0x000000011c11d8dd

Events (10 events):
Event: 672.093 Executing VM operation: CGC_Operation
Event: 672.097 Executing VM operation: CGC_Operation done
Event: 672.099 Executing VM operation: CGC_Operation
Event: 672.099 Executing VM operation: CGC_Operation done
Event: 787.005 Executing VM operation: G1IncCollectionPause
Event: 787.020 Executing VM operation: G1IncCollectionPause done
Event: 787.037 Executing VM operation: CGC_Operation
Event: 787.071 Executing VM operation: CGC_Operation done
Event: 787.073 Executing VM operation: CGC_Operation
Event: 787.084 Executing VM operation: CGC_Operation done


Dynamic libraries:
0x00007fff2af51000 	/System/Library/Frameworks/Cocoa.framework/Versions/A/Cocoa
0x00007fff372ac000 	/System/Library/Frameworks/Security.framework/Versions/A/Security
0x00007fff29bf2000 	/System/Library/Frameworks/ApplicationServices.framework/Versions/A/ApplicationServices
0x00007fff52b38000 	/usr/lib/libz.1.dylib
0x00007fff50b53000 	/usr/lib/libSystem.B.dylib
0x00007fff2b6e5000 	/System/Library/Frameworks/CoreFoundation.framework/Versions/A/CoreFoundation
0x00007fff2d7f9000 	/System/Library/Frameworks/Foundation.framework/Versions/C/Foundation
0x00007fff5214b000 	/usr/lib/libobjc.A.dylib
0x00007fff28d45000 	/System/Library/Frameworks/AppKit.framework/Versions/C/AppKit
0x00007fff2b2c7000 	/System/Library/Frameworks/CoreData.framework/Versions/A/CoreData
0x00007fff4a5f2000 	/System/Library/PrivateFrameworks/RemoteViewServices.framework/Versions/A/RemoteViewServices
0x00007fff4ec0a000 	/System/Library/PrivateFrameworks/UIFoundation.framework/Versions/A/UIFoundation
0x00007fff3f74f000 	/System/Library/PrivateFrameworks/DFRFoundation.framework/Versions/A/DFRFoundation
0x00007fff2fc34000 	/System/Library/Frameworks/Metal.framework/Versions/A/Metal
0x00007fff3f8f1000 	/System/Library/PrivateFrameworks/DesktopServicesPriv.framework/Versions/A/DesktopServicesPriv
0x00007fff5174e000 	/usr/lib/libenergytrace.dylib
0x00007fff4cd42000 	/System/Library/PrivateFrameworks/SkyLight.framework/Versions/A/SkyLight
0x00007fff2bb86000 	/System/Library/Frameworks/CoreGraphics.framework/Versions/A/CoreGraphics
0x00007fff50b4e000 	/usr/lib/libScreenReader.dylib
0x00007fff27d0d000 	/System/Library/Frameworks/Accelerate.framework/Versions/A/Accelerate
0x00007fff2df6d000 	/System/Library/Frameworks/IOSurface.framework/Versions/A/IOSurface
0x00007fff2a13c000 	/System/Library/Frameworks/AudioToolbox.framework/Versions/A/AudioToolbox
0x00007fff2a3c6000 	/System/Library/Frameworks/AudioUnit.framework/Versions/A/AudioUnit
0x00007fff3f7ec000 	/System/Library/PrivateFrameworks/DataDetectorsCore.framework/Versions/A/DataDetectorsCore
0x00007fff2aa5a000 	/System/Library/Frameworks/Carbon.framework/Versions/A/Frameworks/HIToolbox.framework/Versions/A/HIToolbox
0x00007fff518a8000 	/usr/lib/libicucore.A.dylib
0x00007fff36834000 	/System/Library/Frameworks/QuartzCore.framework/Versions/A/QuartzCore
0x00007fff2ae3f000 	/System/Library/Frameworks/Carbon.framework/Versions/A/Frameworks/SpeechRecognition.framework/Versions/A/SpeechRecognition
0x00007fff50caf000 	/usr/lib/libauto.dylib
0x00007fff52a27000 	/usr/lib/libxml2.2.dylib
0x00007fff3f3db000 	/System/Library/PrivateFrameworks/CoreUI.framework/Versions/A/CoreUI
0x00007fff2b1a3000 	/System/Library/Frameworks/CoreAudio.framework/Versions/A/CoreAudio
0x00007fff2d633000 	/System/Library/Frameworks/DiskArbitration.framework/Versions/A/DiskArbitration
0x00007fff51b1c000 	/usr/lib/liblangid.dylib
0x00007fff46b76000 	/System/Library/PrivateFrameworks/MultitouchSupport.framework/Versions/A/MultitouchSupport
0x00007fff2ded0000 	/System/Library/Frameworks/IOKit.framework/Versions/A/IOKit
0x00007fff507ea000 	/usr/lib/libDiagnosticMessagesClient.dylib
0x00007fff2c826000 	/System/Library/Frameworks/CoreServices.framework/Versions/A/CoreServices
0x00007fff48600000 	/System/Library/PrivateFrameworks/PerformanceAnalysis.framework/Versions/A/PerformanceAnalysis
0x00007fff359d2000 	/System/Library/Frameworks/OpenGL.framework/Versions/A/OpenGL
0x00007fff2af5f000 	/System/Library/Frameworks/ColorSync.framework/Versions/A/ColorSync
0x00007fff2c194000 	/System/Library/Frameworks/CoreImage.framework/Versions/A/CoreImage
0x00007fff2d1a5000 	/System/Library/Frameworks/CoreText.framework/Versions/A/CoreText
0x00007fff2dfc8000 	/System/Library/Frameworks/ImageIO.framework/Versions/A/ImageIO
0x00007fff3bcad000 	/System/Library/PrivateFrameworks/Backup.framework/Versions/A/Backup
0x00007fff50bff000 	/usr/lib/libarchive.2.dylib
0x00007fff2a6dc000 	/System/Library/Frameworks/CFNetwork.framework/Versions/A/CFNetwork
0x00007fff37a27000 	/System/Library/Frameworks/SystemConfiguration.framework/Versions/A/SystemConfiguration
0x00007fff50713000 	/usr/lib/libCRFSuite.dylib
0x00007fff50d84000 	/usr/lib/libc++.1.dylib
0x00007fff50ddb000 	/usr/lib/libc++abi.dylib
0x00007fff52be7000 	/usr/lib/system/libcache.dylib
0x00007fff52bec000 	/usr/lib/system/libcommonCrypto.dylib
0x00007fff52bf7000 	/usr/lib/system/libcompiler_rt.dylib
0x00007fff52bff000 	/usr/lib/system/libcopyfile.dylib
0x00007fff52c08000 	/usr/lib/system/libcorecrypto.dylib
0x00007fff52d13000 	/usr/lib/system/libdispatch.dylib
0x00007fff52d4d000 	/usr/lib/system/libdyld.dylib
0x00007fff52d6b000 	/usr/lib/system/libkeymgr.dylib
0x00007fff52d79000 	/usr/lib/system/liblaunch.dylib
0x00007fff52d7a000 	/usr/lib/system/libmacho.dylib
0x00007fff52d7f000 	/usr/lib/system/libquarantine.dylib
0x00007fff52d82000 	/usr/lib/system/libremovefile.dylib
0x00007fff52d84000 	/usr/lib/system/libsystem_asl.dylib
0x00007fff52d9c000 	/usr/lib/system/libsystem_blocks.dylib
0x00007fff52d9d000 	/usr/lib/system/libsystem_c.dylib
0x00007fff52e27000 	/usr/lib/system/libsystem_configuration.dylib
0x00007fff52e2b000 	/usr/lib/system/libsystem_coreservices.dylib
0x00007fff52e2f000 	/usr/lib/system/libsystem_darwin.dylib
0x00007fff52e31000 	/usr/lib/system/libsystem_dnssd.dylib
0x00007fff52e38000 	/usr/lib/system/libsystem_info.dylib
0x00007fff52ea8000 	/usr/lib/system/libsystem_m.dylib
0x00007fff52ef4000 	/usr/lib/system/libsystem_malloc.dylib
0x00007fff52f14000 	/usr/lib/system/libsystem_network.dylib
0x00007fff52fb8000 	/usr/lib/system/libsystem_networkextension.dylib
0x00007fff52fc3000 	/usr/lib/system/libsystem_notify.dylib
0x00007fff52fe1000 	/usr/lib/system/libsystem_sandbox.dylib
0x00007fff52fe5000 	/usr/lib/system/libsystem_secinit.dylib
0x00007fff52e82000 	/usr/lib/system/libsystem_kernel.dylib
0x00007fff52fcd000 	/usr/lib/system/libsystem_platform.dylib
0x00007fff52fd5000 	/usr/lib/system/libsystem_pthread.dylib
0x00007fff52fe7000 	/usr/lib/system/libsystem_symptoms.dylib
0x00007fff52fef000 	/usr/lib/system/libsystem_trace.dylib
0x00007fff53004000 	/usr/lib/system/libunwind.dylib
0x00007fff5300a000 	/usr/lib/system/libxpc.dylib
0x00007fff50641000 	/usr/lib/closure/libclosured.dylib
0x00007fff50d65000 	/usr/lib/libbsm.0.dylib
0x00007fff52d6c000 	/usr/lib/system/libkxld.dylib
0x00007fff50a24000 	/usr/lib/libOpenScriptingUtil.dylib
0x00007fff510d0000 	/usr/lib/libcoretls.dylib
0x00007fff510e9000 	/usr/lib/libcoretls_cfhelpers.dylib
0x00007fff5254c000 	/usr/lib/libpam.2.dylib
0x00007fff52673000 	/usr/lib/libsqlite3.dylib
0x00007fff52a16000 	/usr/lib/libxar.1.dylib
0x00007fff50d76000 	/usr/lib/libbz2.1.0.dylib
0x00007fff51b1e000 	/usr/lib/liblzma.5.dylib
0x00007fff51fff000 	/usr/lib/libnetwork.dylib
0x00007fff50be8000 	/usr/lib/libapple_nghttp2.dylib
0x00007fff52553000 	/usr/lib/libpcap.A.dylib
0x00007fff50cb0000 	/usr/lib/libboringssl.dylib
0x00007fff529d8000 	/usr/lib/libusrtcp.dylib
0x00007fff50be7000 	/usr/lib/libapple_crypto.dylib
0x00007fff2cba9000 	/System/Library/Frameworks/CoreServices.framework/Versions/A/Frameworks/FSEvents.framework/Versions/A/FSEvents
0x00007fff2c89c000 	/System/Library/Frameworks/CoreServices.framework/Versions/A/Frameworks/CarbonCore.framework/Versions/A/CarbonCore
0x00007fff2cd6a000 	/System/Library/Frameworks/CoreServices.framework/Versions/A/Frameworks/Metadata.framework/Versions/A/Metadata
0x00007fff2ce1a000 	/System/Library/Frameworks/CoreServices.framework/Versions/A/Frameworks/OSServices.framework/Versions/A/OSServices
0x00007fff2ce78000 	/System/Library/Frameworks/CoreServices.framework/Versions/A/Frameworks/SearchKit.framework/Versions/A/SearchKit
0x00007fff2c827000 	/System/Library/Frameworks/CoreServices.framework/Versions/A/Frameworks/AE.framework/Versions/A/AE
0x00007fff2cbb2000 	/System/Library/Frameworks/CoreServices.framework/Versions/A/Frameworks/LaunchServices.framework/Versions/A/LaunchServices
0x00007fff2cb74000 	/System/Library/Frameworks/CoreServices.framework/Versions/A/Frameworks/DictionaryServices.framework/Versions/A/DictionaryServices
0x00007fff2cee7000 	/System/Library/Frameworks/CoreServices.framework/Versions/A/Frameworks/SharedFileList.framework/Versions/A/SharedFileList
0x00007fff30df1000 	/System/Library/Frameworks/NetFS.framework/Versions/A/NetFS
0x00007fff46e02000 	/System/Library/PrivateFrameworks/NetAuth.framework/Versions/A/NetAuth
0x00007fff504db000 	/System/Library/PrivateFrameworks/login.framework/Versions/A/Frameworks/loginsupport.framework/Versions/A/loginsupport
0x00007fff4e890000 	/System/Library/PrivateFrameworks/TCC.framework/Versions/A/TCC
0x00007fff51bff000 	/usr/lib/libmecabra.dylib
0x00007fff29bf3000 	/System/Library/Frameworks/ApplicationServices.framework/Versions/A/Frameworks/ATS.framework/Versions/A/ATS
0x00007fff29fa1000 	/System/Library/Frameworks/ApplicationServices.framework/Versions/A/Frameworks/ColorSyncLegacy.framework/Versions/A/ColorSyncLegacy
0x00007fff2a045000 	/System/Library/Frameworks/ApplicationServices.framework/Versions/A/Frameworks/HIServices.framework/Versions/A/HIServices
0x00007fff2a098000 	/System/Library/Frameworks/ApplicationServices.framework/Versions/A/Frameworks/LangAnalysis.framework/Versions/A/LangAnalysis
0x00007fff2a0a7000 	/System/Library/Frameworks/ApplicationServices.framework/Versions/A/Frameworks/PrintCore.framework/Versions/A/PrintCore
0x00007fff2a0f4000 	/System/Library/Frameworks/ApplicationServices.framework/Versions/A/Frameworks/QD.framework/Versions/A/QD
0x00007fff2a12f000 	/System/Library/Frameworks/ApplicationServices.framework/Versions/A/Frameworks/SpeechSynthesis.framework/Versions/A/SpeechSynthesis
0x00007fff2b619000 	/System/Library/Frameworks/CoreDisplay.framework/Versions/A/CoreDisplay
0x00007fff27d25000 	/System/Library/Frameworks/Accelerate.framework/Versions/A/Frameworks/vImage.framework/Versions/A/vImage
0x00007fff28a5b000 	/System/Library/Frameworks/Accelerate.framework/Versions/A/Frameworks/vecLib.framework/Versions/A/vecLib
0x00007fff287fd000 	/System/Library/Frameworks/Accelerate.framework/Versions/A/Frameworks/vecLib.framework/Versions/A/libvDSP.dylib
0x00007fff2837f000 	/System/Library/Frameworks/Accelerate.framework/Versions/A/Frameworks/vecLib.framework/Versions/A/libBNNS.dylib
0x00007fff28784000 	/System/Library/Frameworks/Accelerate.framework/Versions/A/Frameworks/vecLib.framework/Versions/A/libQuadrature.dylib
0x00007fff289aa000 	/System/Library/Frameworks/Accelerate.framework/Versions/A/Frameworks/vecLib.framework/Versions/A/libvMisc.dylib
0x00007fff283ad000 	/System/Library/Frameworks/Accelerate.framework/Versions/A/Frameworks/vecLib.framework/Versions/A/libLAPACK.dylib
0x00007fff28224000 	/System/Library/Frameworks/Accelerate.framework/Versions/A/Frameworks/vecLib.framework/Versions/A/libBLAS.dylib
0x00007fff2876e000 	/System/Library/Frameworks/Accelerate.framework/Versions/A/Frameworks/vecLib.framework/Versions/A/libLinearAlgebra.dylib
0x00007fff2878a000 	/System/Library/Frameworks/Accelerate.framework/Versions/A/Frameworks/vecLib.framework/Versions/A/libSparse.dylib
0x00007fff287e9000 	/System/Library/Frameworks/Accelerate.framework/Versions/A/Frameworks/vecLib.framework/Versions/A/libSparseBLAS.dylib
0x00007fff45542000 	/System/Library/PrivateFrameworks/IOAccelerator.framework/Versions/A/IOAccelerator
0x00007fff4554d000 	/System/Library/PrivateFrameworks/IOPresentment.framework/Versions/A/IOPresentment
0x00007fff3f761000 	/System/Library/PrivateFrameworks/DSExternalDisplay.framework/Versions/A/DSExternalDisplay
0x00007fff34e55000 	/System/Library/Frameworks/OpenGL.framework/Versions/A/Libraries/libCoreFSCache.dylib
0x00007fff2d2f4000 	/System/Library/Frameworks/CoreVideo.framework/Versions/A/CoreVideo
0x00007fff44ba6000 	/System/Library/PrivateFrameworks/GraphVisualizer.framework/Versions/A/GraphVisualizer
0x00007fff2fde6000 	/System/Library/Frameworks/MetalPerformanceShaders.framework/Versions/A/MetalPerformanceShaders
0x00007fff50822000 	/usr/lib/libFosl_dynamic.dylib
0x00007fff40778000 	/System/Library/PrivateFrameworks/FaceCore.framework/Versions/A/FaceCore
0x00007fff33c5d000 	/System/Library/Frameworks/OpenCL.framework/Versions/A/OpenCL
0x00007fff50e12000 	/usr/lib/libcompression.dylib
0x00007fff29cf2000 	/System/Library/Frameworks/ApplicationServices.framework/Versions/A/Frameworks/ATS.framework/Versions/A/Resources/libFontParser.dylib
0x00007fff29e15000 	/System/Library/Frameworks/ApplicationServices.framework/Versions/A/Frameworks/ATS.framework/Versions/A/Resources/libFontRegistry.dylib
0x00007fff2e229000 	/System/Library/Frameworks/ImageIO.framework/Versions/A/Resources/libJPEG.dylib
0x00007fff2e552000 	/System/Library/Frameworks/ImageIO.framework/Versions/A/Resources/libTIFF.dylib
0x00007fff2e528000 	/System/Library/Frameworks/ImageIO.framework/Versions/A/Resources/libPng.dylib
0x00007fff2e13c000 	/System/Library/Frameworks/ImageIO.framework/Versions/A/Resources/libGIF.dylib
0x00007fff2e141000 	/System/Library/Frameworks/ImageIO.framework/Versions/A/Resources/libJP2.dylib
0x00007fff2e54f000 	/System/Library/Frameworks/ImageIO.framework/Versions/A/Resources/libRadiance.dylib
0x00007fff3b43b000 	/System/Library/PrivateFrameworks/AppleJPEG.framework/Versions/A/AppleJPEG
0x00007fff468f7000 	/System/Library/PrivateFrameworks/MetalTools.framework/Versions/A/MetalTools
0x00007fff2fcce000 	/System/Library/Frameworks/MetalPerformanceShaders.framework/Frameworks/MPSCore.framework/Versions/A/MPSCore
0x00007fff2fce4000 	/System/Library/Frameworks/MetalPerformanceShaders.framework/Frameworks/MPSImage.framework/Versions/A/MPSImage
0x00007fff2fd4f000 	/System/Library/Frameworks/MetalPerformanceShaders.framework/Frameworks/MPSMatrix.framework/Versions/A/MPSMatrix
0x00007fff2fd6f000 	/System/Library/Frameworks/MetalPerformanceShaders.framework/Frameworks/MPSNeuralNetwork.framework/Versions/A/MPSNeuralNetwork
0x00007fff3501c000 	/System/Library/Frameworks/OpenGL.framework/Versions/A/Libraries/libGLU.dylib
0x00007fff34e5e000 	/System/Library/Frameworks/OpenGL.framework/Versions/A/Libraries/libGFXShared.dylib
0x00007fff34e67000 	/System/Library/Frameworks/OpenGL.framework/Versions/A/Libraries/libGL.dylib
0x00007fff34e73000 	/System/Library/Frameworks/OpenGL.framework/Versions/A/Libraries/libGLImage.dylib
0x00007fff34e52000 	/System/Library/Frameworks/OpenGL.framework/Versions/A/Libraries/libCVMSPluginSupport.dylib
0x00007fff34e59000 	/System/Library/Frameworks/OpenGL.framework/Versions/A/Libraries/libCoreVMClient.dylib
0x00007fff515ba000 	/usr/lib/libcups.2.dylib
0x00007fff2f2d6000 	/System/Library/Frameworks/Kerberos.framework/Versions/A/Kerberos
0x00007fff2dc2c000 	/System/Library/Frameworks/GSS.framework/Versions/A/GSS
0x00007fff52607000 	/usr/lib/libresolv.9.dylib
0x00007fff517b6000 	/usr/lib/libiconv.2.dylib
0x00007fff44c2d000 	/System/Library/PrivateFrameworks/Heimdal.framework/Versions/A/Heimdal
0x00007fff51785000 	/usr/lib/libheimdal-asn1.dylib
0x00007fff33cc8000 	/System/Library/Frameworks/OpenDirectory.framework/Versions/A/OpenDirectory
0x00007fff3d68d000 	/System/Library/PrivateFrameworks/CommonAuth.framework/Versions/A/CommonAuth
0x00007fff33cab000 	/System/Library/Frameworks/OpenDirectory.framework/Versions/A/Frameworks/CFOpenDirectory.framework/Versions/A/CFOpenDirectory
0x00007fff375c8000 	/System/Library/Frameworks/SecurityFoundation.framework/Versions/A/SecurityFoundation
0x00007fff3a65c000 	/System/Library/PrivateFrameworks/APFS.framework/Versions/A/APFS
0x00007fff52a12000 	/usr/lib/libutil.dylib
0x00007fff3b4be000 	/System/Library/PrivateFrameworks/AppleSauce.framework/Versions/A/AppleSauce
0x00007fff45d15000 	/System/Library/PrivateFrameworks/LinguisticData.framework/Versions/A/LinguisticData
0x00007fff51b38000 	/usr/lib/libmarisa.dylib
0x00007fff45ccf000 	/System/Library/PrivateFrameworks/Lexicon.framework/Versions/A/Lexicon
0x00007fff5074d000 	/usr/lib/libChineseTokenizer.dylib
0x00007fff50e01000 	/usr/lib/libcmph.dylib
0x00007fff45bd9000 	/System/Library/PrivateFrameworks/LanguageModeling.framework/Versions/A/LanguageModeling
0x00007fff3e09c000 	/System/Library/PrivateFrameworks/CoreEmoji.framework/Versions/A/CoreEmoji
0x00007fff37680000 	/System/Library/Frameworks/ServiceManagement.framework/Versions/A/ServiceManagement
0x00007fff3bca5000 	/System/Library/PrivateFrameworks/BackgroundTaskManagement.framework/Versions/A/BackgroundTaskManagement
0x00007fff52b0f000 	/usr/lib/libxslt.1.dylib
0x00007fff2ad69000 	/System/Library/Frameworks/Carbon.framework/Versions/A/Frameworks/Ink.framework/Versions/A/Ink
0x00007fff4ea9e000 	/System/Library/PrivateFrameworks/TextureIO.framework/Versions/A/TextureIO
0x00007fff50c2a000 	/usr/lib/libate.dylib
0x00007fff3f6c3000 	/System/Library/PrivateFrameworks/CrashReporterSupport.framework/Versions/A/CrashReporterSupport
0x00007fff4bf1a000 	/System/Library/PrivateFrameworks/Sharing.framework/Versions/A/Sharing
0x00007fff45922000 	/System/Library/PrivateFrameworks/IconServices.framework/Versions/A/IconServices
0x00007fff4a403000 	/System/Library/PrivateFrameworks/ProtocolBuffer.framework/Versions/A/ProtocolBuffer
0x00007fff3b2c8000 	/System/Library/PrivateFrameworks/Apple80211.framework/Versions/A/Apple80211
0x00007fff2d32f000 	/System/Library/Frameworks/CoreWLAN.framework/Versions/A/CoreWLAN
0x00007fff3f510000 	/System/Library/PrivateFrameworks/CoreUtils.framework/Versions/A/CoreUtils
0x00007fff2dd6d000 	/System/Library/Frameworks/IOBluetooth.framework/Versions/A/IOBluetooth
0x00007fff3f65e000 	/System/Library/PrivateFrameworks/CoreWiFi.framework/Versions/A/CoreWiFi
0x00007fff2b29d000 	/System/Library/Frameworks/CoreBluetooth.framework/Versions/A/CoreBluetooth
0x00007fff4c048000 	/System/Library/PrivateFrameworks/SignpostNotification.framework/Versions/A/SignpostNotification
0x00007fff3f8b0000 	/System/Library/PrivateFrameworks/DebugSymbols.framework/Versions/A/DebugSymbols
0x00007fff3f2c7000 	/System/Library/PrivateFrameworks/CoreSymbolication.framework/Versions/A/CoreSymbolication
0x00007fff4e321000 	/System/Library/PrivateFrameworks/Symbolication.framework/Versions/A/Symbolication
0x00007fff3b2f2000 	/System/Library/PrivateFrameworks/AppleFSCompression.framework/Versions/A/AppleFSCompression
0x00007fff4d787000 	/System/Library/PrivateFrameworks/SpeechRecognitionCore.framework/Versions/A/SpeechRecognitionCore
0x0000000107a26000 	/Library/Java/JavaVirtualMachines/jdk-9.0.4.jdk/Contents/Home/lib/server/libjvm.dylib
0x00007fff5290a000 	/usr/lib/libstdc++.6.0.9.dylib
0x00000001086c9000 	/Library/Java/JavaVirtualMachines/jdk-9.0.4.jdk/Contents/Home/lib/libverify.dylib
0x00000001086d6000 	/Library/Java/JavaVirtualMachines/jdk-9.0.4.jdk/Contents/Home/lib/libjava.dylib
0x000000010870c000 	/Library/Java/JavaVirtualMachines/jdk-9.0.4.jdk/Contents/Home/lib/libinstrument.dylib
0x00000001087a1000 	/Library/Java/JavaVirtualMachines/jdk-9.0.4.jdk/Contents/Home/lib/libzip.dylib
0x00000001087a9000 	/Library/Java/JavaVirtualMachines/jdk-9.0.4.jdk/Contents/Home/lib/libjimage.dylib
0x00000001087c6000 	/Library/Java/JavaVirtualMachines/jdk-9.0.4.jdk/Contents/Home/lib/libnio.dylib
0x00000001087d6000 	/Library/Java/JavaVirtualMachines/jdk-9.0.4.jdk/Contents/Home/lib/./libnet.dylib
0x000000012c591000 	/Library/Java/JavaVirtualMachines/jdk-9.0.4.jdk/Contents/Home/lib/libawt.dylib
0x000000012c636000 	/Library/Java/JavaVirtualMachines/jdk-9.0.4.jdk/Contents/Home/lib/./libmlib_image.dylib
0x00007fff2f2bf000 	/System/Library/Frameworks/JavaVM.framework/Versions/A/Frameworks/JavaNativeFoundation.framework/Versions/A/JavaNativeFoundation
0x00007fff2f2c8000 	/System/Library/Frameworks/JavaVM.framework/Versions/A/Frameworks/JavaRuntimeSupport.framework/Versions/A/JavaRuntimeSupport
0x00007fff2f2d1000 	/System/Library/Frameworks/JavaVM.framework/Versions/A/JavaVM
0x00007fff45adc000 	/System/Library/PrivateFrameworks/JavaLaunching.framework/Versions/A/JavaLaunching
0x00007fff2aa55000 	/System/Library/Frameworks/Carbon.framework/Versions/A/Carbon
0x00007fff2aa56000 	/System/Library/Frameworks/Carbon.framework/Versions/A/Frameworks/CommonPanels.framework/Versions/A/CommonPanels
0x00007fff2ad5f000 	/System/Library/Frameworks/Carbon.framework/Versions/A/Frameworks/Help.framework/Versions/A/Help
0x00007fff2ad63000 	/System/Library/Frameworks/Carbon.framework/Versions/A/Frameworks/ImageCapture.framework/Versions/A/ImageCapture
0x00007fff2adff000 	/System/Library/Frameworks/Carbon.framework/Versions/A/Frameworks/OpenScripting.framework/Versions/A/OpenScripting
0x00007fff2ae3a000 	/System/Library/Frameworks/Carbon.framework/Versions/A/Frameworks/Print.framework/Versions/A/Print
0x00007fff2ae3c000 	/System/Library/Frameworks/Carbon.framework/Versions/A/Frameworks/SecurityHI.framework/Versions/A/SecurityHI
0x000000012c6a4000 	/Library/Java/JavaVirtualMachines/jdk-9.0.4.jdk/Contents/Home/lib/libawt_lwawt.dylib
0x000000012c764000 	/Library/Java/JavaVirtualMachines/jdk-9.0.4.jdk/Contents/Home/lib/./libosxapp.dylib
0x00007fff2d7d2000 	/System/Library/Frameworks/ExceptionHandling.framework/Versions/A/ExceptionHandling
0x000000012cb6d000 	/Library/Java/JavaVirtualMachines/jdk-9.0.4.jdk/Contents/Home/lib/libfontmanager.dylib
0x00007fff3ef71000 	/System/Library/PrivateFrameworks/CoreServicesInternal.framework/Versions/A/CoreServicesInternal
0x00007fff2418f000 	/System/Library/CoreServices/RawCamera.bundle/Contents/MacOS/RawCamera
0x00007fff46966000 	/System/Library/PrivateFrameworks/MobileAsset.framework/Versions/A/MobileAsset
0x00007fff4dc29000 	/System/Library/PrivateFrameworks/StreamingZip.framework/Versions/A/StreamingZip
0x00007fff2f636000 	/System/Library/Frameworks/MediaToolbox.framework/Versions/A/MediaToolbox
0x00007fff3dd05000 	/System/Library/PrivateFrameworks/CoreAVCHD.framework/Versions/A/CoreAVCHD
0x00007fff2f5a3000 	/System/Library/Frameworks/MediaAccessibility.framework/Versions/A/MediaAccessibility
0x00007fff4652b000 	/System/Library/PrivateFrameworks/Mangrove.framework/Versions/A/Mangrove
0x00007fff2c6fb000 	/System/Library/Frameworks/CoreMedia.framework/Versions/A/CoreMedia
0x00007fff37c4c000 	/System/Library/Frameworks/VideoToolbox.framework/Versions/A/VideoToolbox
0x00007fff3d924000 	/System/Library/PrivateFrameworks/CoreAUC.framework/Versions/A/CoreAUC
0x00007fff52671000 	/usr/lib/libspindump.dylib
0x00007fff51692000 	/usr/lib/libdscsym.dylib
0x00007fff3b5b3000 	/System/Library/PrivateFrameworks/AppleVA.framework/Versions/A/AppleVA
0x00007fff27d0e000 	/System/Library/Frameworks/Accelerate.framework/Versions/A/Frameworks/vImage.framework/Versions/A/Libraries/libCGInterfaces.dylib
0x00007fff29f04000 	/System/Library/Frameworks/ApplicationServices.framework/Versions/A/Frameworks/ATS.framework/Versions/A/Resources/libTrueTypeScaler.dylib
0x00007fff359e1000 	/System/Library/Frameworks/OpenGL.framework/Versions/A/Resources/GLEngine.bundle/GLEngine
0x00007fff34eaf000 	/System/Library/Frameworks/OpenGL.framework/Versions/A/Libraries/libGLProgrammability.dylib
0x000000012ee43000 	/System/Library/Extensions/AppleIntelHD5000GraphicsGLDriver.bundle/Contents/MacOS/AppleIntelHD5000GraphicsGLDriver
0x00007fff43e62000 	/System/Library/PrivateFrameworks/GPUSupport.framework/Versions/A/Libraries/libGPUSupportMercury.dylib
0x00007fff35b79000 	/System/Library/Frameworks/OpenGL.framework/Versions/A/Resources/GLRendererFloat.bundle/GLRendererFloat
0x00007fff33c54000 	/System/Library/Frameworks/OpenCL.framework/Versions/A/Libraries/libcldcpuengine.dylib
0x00007fff51283000 	/usr/lib/libcrypto.35.dylib
0x00007fff4ec03000 	/System/Library/PrivateFrameworks/TrustEvaluationAgent.framework/Versions/A/TrustEvaluationAgent
0x00007fff25778000 	/System/Library/Extensions/AppleIntelHD5000GraphicsMTLDriver.bundle/Contents/MacOS/AppleIntelHD5000GraphicsMTLDriver
0x00007fff42802000 	/System/Library/PrivateFrameworks/GPUCompiler.framework/Versions/3802/Libraries/libmetal_timestamp.dylib
0x000000012c856000 	/Library/Java/JavaVirtualMachines/jdk-9.0.4.jdk/Contents/Home/lib/libosxui.dylib
0x00007fff4fa7e000 	/System/Library/PrivateFrameworks/ViewBridge.framework/Versions/A/ViewBridge

VM Arguments:
jvm_args: -javaagent:/Applications/IntelliJ IDEA CE.app/Contents/lib/idea_rt.jar=53203:/Applications/IntelliJ IDEA CE.app/Contents/bin -Dfile.encoding=UTF-8 
java_command: com.tanuj.Subscriber 128.237.130.67
java_class_path (initial): /Users/Cyrus/Documents/CMU documents/StreamShare/target/classes:/Users/Cyrus/.m2/repository/com/github/sarxos/webcam-capture/0.3.12/webcam-capture-0.3.12.jar:/Users/Cyrus/.m2/repository/com/nativelibs4java/bridj/0.7.0/bridj-0.7.0.jar:/Users/Cyrus/.m2/repository/org/slf4j/slf4j-api/1.7.2/slf4j-api-1.7.2.jar:/Users/Cyrus/.m2/repository/redis/clients/jedis/2.9.0/jedis-2.9.0.jar:/Users/Cyrus/.m2/repository/org/apache/commons/commons-pool2/2.4.2/commons-pool2-2.4.2.jar
Launcher Type: SUN_STANDARD

Logging:
Log output configuration:
#0: stdout all=warning uptime,level,tags
#1: stderr all=off uptime,level,tags

Environment Variables:
PATH=/usr/local/bin:/usr/local/sbin:/usr/bin:/bin:/usr/sbin:/sbin:/opt/X11/bin:/Users/Cyrus/.yadr/bin:/Users/Cyrus/.yadr/bin/yadr
SHELL=/bin/zsh
DISPLAY=/private/tmp/com.apple.launchd.poQWvqhiJr/org.macosforge.xquartz:0

Signal Handlers:
SIGSEGV: [libjvm.dylib+0x73f3dc], sa_mask[0]=11111111011111110111111111111111, sa_flags=SA_ONSTACK|SA_RESTART|SA_SIGINFO
SIGBUS: [libjvm.dylib+0x73f3dc], sa_mask[0]=11111111011111110111111111111111, sa_flags=SA_RESTART|SA_SIGINFO
SIGFPE: [libjvm.dylib+0x73f3dc], sa_mask[0]=11111111011111110111111111111111, sa_flags=SA_RESTART|SA_SIGINFO
SIGPIPE: [libjvm.dylib+0x5f233c], sa_mask[0]=11111111011111110111111111111111, sa_flags=SA_RESTART|SA_SIGINFO
SIGXFSZ: [libjvm.dylib+0x5f233c], sa_mask[0]=11111111011111110111111111111111, sa_flags=SA_RESTART|SA_SIGINFO
SIGILL: [libjvm.dylib+0x73f3dc], sa_mask[0]=11111111011111110111111111111111, sa_flags=SA_RESTART|SA_SIGINFO
SIGUSR2: [libjvm.dylib+0x5f2bcc], sa_mask[0]=00100000000000000000000000000000, sa_flags=SA_RESTART|SA_SIGINFO
SIGHUP: [libjvm.dylib+0x5f1409], sa_mask[0]=11111111011111110111111111111111, sa_flags=SA_RESTART|SA_SIGINFO
SIGINT: [libjvm.dylib+0x5f1409], sa_mask[0]=11111111011111110111111111111111, sa_flags=SA_RESTART|SA_SIGINFO
SIGTERM: [libjvm.dylib+0x5f1409], sa_mask[0]=11111111011111110111111111111111, sa_flags=SA_RESTART|SA_SIGINFO
SIGQUIT: [libjvm.dylib+0x5f1409], sa_mask[0]=11111111011111110111111111111111, sa_flags=SA_RESTART|SA_SIGINFO


---------------  S Y S T E M  ---------------

OS:uname:Darwin 17.2.0 Darwin Kernel Version 17.2.0: Fri Sep 29 18:27:05 PDT 2017; root:xnu-4570.20.62~3/RELEASE_X86_64 x86_64
rlimit: STACK 8192k, CORE 0k, NPROC 709, NOFILE 10240, AS infinity
load average:6.88 5.67 5.02

CPU:total 4 (initial active 4) (2 cores per cpu, 2 threads per core) family 6 model 69 stepping 1, cmov, cx8, fxsr, mmx, sse, sse2, sse3, ssse3, sse4.1, sse4.2, popcnt, avx, avx2, aes, clmul, erms, lzcnt, ht, tsc, tscinvbit, bmi1, bmi2, fma

Memory: 4k page, physical 8388608k(377440k free)

vm_info: Java HotSpot(TM) 64-Bit Server VM (9.0.4+11) for bsd-amd64 JRE (9.0.4+11), built on Dec 20 2017 02:08:50 by "mach5one" with gcc 4.2.1 Compatible Apple LLVM 6.1.0 (clang-602.0.49)

END.
